Determining if the PHYSFS_getPrefDir exist failed with the following output:
Change Dir: /home/jakob/Documents/Projects/AI-Project/supertux/cmake-build-debug/CMakeFiles/CMakeTmp

Run Build Command:"/usr/bin/make" "cmTC_e3650/fast"
/usr/bin/make -f CMakeFiles/cmTC_e3650.dir/build.make CMakeFiles/cmTC_e3650.dir/build
make[1]: Entering directory '/home/jakob/Documents/Projects/AI-Project/supertux/cmake-build-debug/CMakeFiles/CMakeTmp'
Building C object CMakeFiles/cmTC_e3650.dir/CheckSymbolExists.c.o
/usr/bin/cc    -o CMakeFiles/cmTC_e3650.dir/CheckSymbolExists.c.o   -c /home/jakob/Documents/Projects/AI-Project/supertux/cmake-build-debug/CMakeFiles/CMakeTmp/CheckSymbolExists.c
/home/jakob/Documents/Projects/AI-Project/supertux/cmake-build-debug/CMakeFiles/CMakeTmp/CheckSymbolExists.c:2:10: fatal error: PHYSFS_INCLUDE_DIR-NOTFOUND/physfs.h: No such file or directory
 #include <PHYSFS_INCLUDE_DIR-NOTFOUND/physfs.h>
          ^~~~~~~~~~~~~~~~~~~~~~~~~~~~~~~~~~~~~~
compilation terminated.
CMakeFiles/cmTC_e3650.dir/build.make:65: recipe for target 'CMakeFiles/cmTC_e3650.dir/CheckSymbolExists.c.o' failed
make[1]: *** [CMakeFiles/cmTC_e3650.dir/CheckSymbolExists.c.o] Error 1
make[1]: Leaving directory '/home/jakob/Documents/Projects/AI-Project/supertux/cmake-build-debug/CMakeFiles/CMakeTmp'
Makefile:126: recipe for target 'cmTC_e3650/fast' failed
make: *** [cmTC_e3650/fast] Error 2

File /home/jakob/Documents/Projects/AI-Project/supertux/cmake-build-debug/CMakeFiles/CMakeTmp/CheckSymbolExists.c:
/* */
#include <PHYSFS_INCLUDE_DIR-NOTFOUND/physfs.h>

int main(int argc, char** argv)
{
  (void)argv;
#ifndef PHYSFS_getPrefDir
  return ((int*)(&PHYSFS_getPrefDir))[argc];
#else
  (void)argc;
  return 0;
#endif
}

