Determining if the PHYSFS_getPrefDir exist failed with the following output:
Change Dir: /home/jakob/Documents/Projects/AI-Project/supertux/build/CMakeFiles/CMakeTmp

Run Build Command:"/usr/bin/make" "cmTC_284a0/fast"
/usr/bin/make -f CMakeFiles/cmTC_284a0.dir/build.make CMakeFiles/cmTC_284a0.dir/build
make[1]: Entering directory '/home/jakob/Documents/Projects/AI-Project/supertux/build/CMakeFiles/CMakeTmp'
Building C object CMakeFiles/cmTC_284a0.dir/CheckSymbolExists.c.o
/usr/bin/cc    -o CMakeFiles/cmTC_284a0.dir/CheckSymbolExists.c.o   -c /home/jakob/Documents/Projects/AI-Project/supertux/build/CMakeFiles/CMakeTmp/CheckSymbolExists.c
/home/jakob/Documents/Projects/AI-Project/supertux/build/CMakeFiles/CMakeTmp/CheckSymbolExists.c:2:10: fatal error: PHYSFS_INCLUDE_DIR-NOTFOUND/physfs.h: No such file or directory
 #include <PHYSFS_INCLUDE_DIR-NOTFOUND/physfs.h>
          ^~~~~~~~~~~~~~~~~~~~~~~~~~~~~~~~~~~~~~
compilation terminated.
CMakeFiles/cmTC_284a0.dir/build.make:65: recipe for target 'CMakeFiles/cmTC_284a0.dir/CheckSymbolExists.c.o' failed
make[1]: *** [CMakeFiles/cmTC_284a0.dir/CheckSymbolExists.c.o] Error 1
make[1]: Leaving directory '/home/jakob/Documents/Projects/AI-Project/supertux/build/CMakeFiles/CMakeTmp'
Makefile:126: recipe for target 'cmTC_284a0/fast' failed
make: *** [cmTC_284a0/fast] Error 2

File /home/jakob/Documents/Projects/AI-Project/supertux/build/CMakeFiles/CMakeTmp/CheckSymbolExists.c:
/* */
#include <PHYSFS_INCLUDE_DIR-NOTFOUND/physfs.h>

int main(int argc, char** argv)
{
  (void)argv;
#ifndef PHYSFS_getPrefDir
  return ((int*)(&PHYSFS_getPrefDir))[argc];
#else
  (void)argc;
  return 0;
#endif
}

Performing C++ SOURCE FILE Test HAVE_ICONV_CONST failed with the following output:
Change Dir: /home/jakob/Documents/Projects/AI-Project/supertux/build/CMakeFiles/CMakeTmp

Run Build Command:"/usr/bin/make" "cmTC_ec585/fast"
/usr/bin/make -f CMakeFiles/cmTC_ec585.dir/build.make CMakeFiles/cmTC_ec585.dir/build
make[1]: Entering directory '/home/jakob/Documents/Projects/AI-Project/supertux/build/CMakeFiles/CMakeTmp'
Building CXX object CMakeFiles/cmTC_ec585.dir/src.cxx.o
/usr/bin/c++    -DHAVE_ICONV_CONST   -o CMakeFiles/cmTC_ec585.dir/src.cxx.o -c /home/jakob/Documents/Projects/AI-Project/supertux/build/CMakeFiles/CMakeTmp/src.cxx
/home/jakob/Documents/Projects/AI-Project/supertux/build/CMakeFiles/CMakeTmp/src.cxx:4:9: error: ambiguating new declaration of ‘double iconv(iconv_t, char**, size_t*, char**, size_t*)’
  double iconv(iconv_t cd,  char **inbuf, size_t *inbytesleft, char **outbuf, size_t *outbytesleft);
         ^~~~~
In file included from /home/jakob/Documents/Projects/AI-Project/supertux/build/CMakeFiles/CMakeTmp/src.cxx:2:0:
/usr/include/iconv.h:42:15: note: old declaration ‘size_t iconv(iconv_t, char**, size_t*, char**, size_t*)’
 extern size_t iconv (iconv_t __cd, char **__restrict __inbuf,
               ^~~~~
CMakeFiles/cmTC_ec585.dir/build.make:65: recipe for target 'CMakeFiles/cmTC_ec585.dir/src.cxx.o' failed
make[1]: *** [CMakeFiles/cmTC_ec585.dir/src.cxx.o] Error 1
make[1]: Leaving directory '/home/jakob/Documents/Projects/AI-Project/supertux/build/CMakeFiles/CMakeTmp'
Makefile:126: recipe for target 'cmTC_ec585/fast' failed
make: *** [cmTC_ec585/fast] Error 2

Source file was:

	#include <iconv.h>
	// this declaration will fail when there already exists a non const char** version which returns size_t
	double iconv(iconv_t cd,  char **inbuf, size_t *inbytesleft, char **outbuf, size_t *outbytesleft);
	int main() { return 0; }
	
